2023-07-03 12:08:34,780 INFO o.a.j.u.JMeterUtils: Setting Locale to en_EN
2023-07-03 12:08:34,801 INFO o.a.j.JMeter: Loading user properties from: user.properties
2023-07-03 12:08:34,802 INFO o.a.j.JMeter: Loading system properties from: system.properties
2023-07-03 12:08:34,809 INFO o.a.j.JMeter: Copyright (c) 1998-2022 The Apache Software Foundation
2023-07-03 12:08:34,809 INFO o.a.j.JMeter: Version 5.5
2023-07-03 12:08:34,809 INFO o.a.j.JMeter: java.version=17.0.7
2023-07-03 12:08:34,809 INFO o.a.j.JMeter: java.vm.name=OpenJDK 64-Bit Server VM
2023-07-03 12:08:34,809 INFO o.a.j.JMeter: os.name=Windows 10
2023-07-03 12:08:34,809 INFO o.a.j.JMeter: os.arch=amd64
2023-07-03 12:08:34,809 INFO o.a.j.JMeter: os.version=10.0
2023-07-03 12:08:34,809 INFO o.a.j.JMeter: file.encoding=Cp1252
2023-07-03 12:08:34,810 INFO o.a.j.JMeter: java.awt.headless=null
2023-07-03 12:08:34,810 INFO o.a.j.JMeter: Max memory     =1073741824
2023-07-03 12:08:34,810 INFO o.a.j.JMeter: Available Processors =8
2023-07-03 12:08:34,819 INFO o.a.j.JMeter: Default Locale=English (EN)
2023-07-03 12:08:34,819 INFO o.a.j.JMeter: JMeter  Locale=English (EN)
2023-07-03 12:08:34,820 INFO o.a.j.JMeter: JMeterHome=D:\Executions\apache-jmeter-5.5\apache-jmeter-5.5
2023-07-03 12:08:34,820 INFO o.a.j.JMeter: user.dir  =D:\Executions\apache-jmeter-5.5\apache-jmeter-5.5\bin
2023-07-03 12:08:34,820 INFO o.a.j.JMeter: PWD       =D:\Executions\apache-jmeter-5.5\apache-jmeter-5.5\bin
2023-07-03 12:08:34,821 INFO o.a.j.JMeter: IP: 192.168.29.111 Name: del1-lhp-n82802 FullName: del1-lhp-n82802.synapse.com
2023-07-03 12:08:34,829 INFO o.a.j.JMeter: Loaded icon properties from org/apache/jmeter/images/icon.properties
2023-07-03 12:08:35,004 INFO o.a.j.JMeterGuiLauncher: Setting LAF to: com.github.weisj.darklaf.DarkLaf:com.github.weisj.darklaf.theme.DarculaTheme
2023-07-03 12:08:37,709 INFO o.j.r.JARSourceHTTP: Requesting https://jmeter-plugins.org/repo/?installID=windows_10-0bac05df37a674340fdbc97637929561-gui
2023-07-03 12:08:41,705 INFO o.j.r.PluginManager: Plugins Status: [jpgc-functions=2.2, jpgc-casutg=2.10, jpgc-graphs-dist=2.0, mqtt-xmeter=2.0.2, mqtt-sampler=0.0.1-SNAPSHOT, jpgc-perfmon=2.1, jpgc-plugins-manager=1.9, jmeter-core=5.5, jmeter-ftp=5.5, jmeter-http=5.5, jmeter-jdbc=5.5, jmeter-jms=5.5, jmeter-junit=5.5, jmeter-java=5.5, jmeter-ldap=5.5, jmeter-mail=5.5, jmeter-mongodb=5.5, jmeter-native=5.5, jmeter-tcp=5.5, jmeter-components=5.5]
2023-07-03 12:08:45,430 INFO o.a.j.s.FileServer: Default base='D:\Executions\apache-jmeter-5.5\apache-jmeter-5.5\bin'
2023-07-03 12:08:45,432 INFO o.a.j.g.a.Load: Loading file: C:\Users\neel.kamal\Desktop\Testing_SCRIPT.jmx
2023-07-03 12:08:45,432 INFO o.a.j.s.FileServer: Set new base='C:\Users\neel.kamal\Desktop'
2023-07-03 12:08:45,563 INFO o.a.j.s.SaveService: Testplan (JMX) version: 2.2. Testlog (JTL) version: 2.2
2023-07-03 12:08:45,568 INFO o.a.j.s.SaveService: Using SaveService properties version 5.0
2023-07-03 12:08:45,569 INFO o.a.j.s.SaveService: Using SaveService properties file encoding UTF-8
2023-07-03 12:08:45,570 INFO o.a.j.s.SaveService: Loading file: C:\Users\neel.kamal\Desktop\Testing_SCRIPT.jmx
2023-07-03 12:08:45,672 INFO o.a.j.p.h.c.CookieManager: Settings: Delete null: true Check: true Allow variable: true Save: false Prefix: COOKIE_
2023-07-03 12:08:45,673 INFO o.a.j.p.h.c.CacheManager: Will only cache the following methods: [GET]
2023-07-03 12:08:45,676 INFO o.a.j.p.h.s.HTTPSamplerBase: Parser for text/html is org.apache.jmeter.protocol.http.parser.LagartoBasedHtmlParser
2023-07-03 12:08:45,677 INFO o.a.j.p.h.s.HTTPSamplerBase: Parser for application/xhtml+xml is org.apache.jmeter.protocol.http.parser.LagartoBasedHtmlParser
2023-07-03 12:08:45,677 INFO o.a.j.p.h.s.HTTPSamplerBase: Parser for application/xml is org.apache.jmeter.protocol.http.parser.LagartoBasedHtmlParser
2023-07-03 12:08:45,677 INFO o.a.j.p.h.s.HTTPSamplerBase: Parser for text/xml is org.apache.jmeter.protocol.http.parser.LagartoBasedHtmlParser
2023-07-03 12:08:45,677 INFO o.a.j.p.h.s.HTTPSamplerBase: Parser for text/vnd.wap.wml is org.apache.jmeter.protocol.http.parser.RegexpHTMLParser
2023-07-03 12:08:45,677 INFO o.a.j.p.h.s.HTTPSamplerBase: Parser for text/css is org.apache.jmeter.protocol.http.parser.CssParser
2023-07-03 12:08:45,901 INFO o.a.j.s.FileServer: Set new base='C:\Users\neel.kamal\Desktop'
2023-07-03 12:09:07,214 INFO o.a.j.s.SampleResult: Note: Sample TimeStamps are START times
2023-07-03 12:09:07,214 INFO o.a.j.s.SampleResult: sampleresult.default.encoding is set to ISO-8859-1
2023-07-03 12:09:07,214 INFO o.a.j.s.SampleResult: sampleresult.useNanoTime=true
2023-07-03 12:09:07,214 INFO o.a.j.s.SampleResult: sampleresult.nanoThreadSleep=5000
2023-07-03 12:09:07,348 INFO o.a.j.v.ViewResultsFullVisualizer: Add JavaFX to your Java installation if you want to use renderer: org.apache.jmeter.visualizers.RenderInBrowser
2023-07-03 12:09:20,750 INFO o.a.j.e.StandardJMeterEngine: Running the test!
2023-07-03 12:09:20,751 INFO o.a.j.s.SampleEvent: List of sample_variables: []
2023-07-03 12:09:20,751 INFO o.a.j.s.SampleEvent: List of sample_variables: []
2023-07-03 12:09:20,752 INFO o.a.j.e.u.CompoundVariable: Note: Function class names must contain the string: '.functions.'
2023-07-03 12:09:20,752 INFO o.a.j.e.u.CompoundVariable: Note: Function class names must not contain the string: '.gui.'
2023-07-03 12:09:20,791 INFO o.a.j.g.u.JMeterMenuBar: setRunning(true, *local*)
2023-07-03 12:09:20,822 INFO o.a.j.e.StandardJMeterEngine: Starting ThreadGroup: 1 : Thread Group
2023-07-03 12:09:20,822 INFO o.a.j.e.StandardJMeterEngine: Starting 1 threads for group Thread Group.
2023-07-03 12:09:20,822 INFO o.a.j.e.StandardJMeterEngine: Thread will continue on error
2023-07-03 12:09:20,823 INFO o.a.j.t.ThreadGroup: Starting thread group... number=1 threads=1 ramp-up=1 delayedStart=false
2023-07-03 12:09:20,825 INFO o.a.j.t.ThreadGroup: Started thread group number 1
2023-07-03 12:09:20,825 INFO o.a.j.e.StandardJMeterEngine: All thread groups have been started
2023-07-03 12:09:20,827 INFO o.a.j.t.JMeterThread: Thread started: Thread Group 1-1
2023-07-03 12:09:20,832 INFO o.a.j.p.h.s.HTTPHCAbstractImpl: Local host = del1-lhp-n82802
2023-07-03 12:09:20,836 INFO o.a.j.p.h.s.HTTPHC4Impl: HTTP request retry count = 0
2023-07-03 12:09:21,663 INFO o.a.j.p.h.s.h.LazyLayeredConnectionSocketFactory: Setting up HTTPS TrustAll Socket Factory
2023-07-03 12:09:21,665 INFO o.a.j.u.JsseSSLManager: Using default SSL protocol: TLS
2023-07-03 12:09:21,665 INFO o.a.j.u.JsseSSLManager: SSL session context: per-thread
2023-07-03 12:09:21,825 INFO o.a.j.u.SSLManager: JmeterKeyStore Location:  type JKS
2023-07-03 12:09:21,825 INFO o.a.j.u.SSLManager: KeyStore created OK
2023-07-03 12:09:21,825 WARN o.a.j.u.SSLManager: Keystore file not found, loading empty keystore
2023-07-03 12:09:22,168 INFO o.a.j.p.h.p.BaseParser: Created org.apache.jmeter.protocol.http.parser.LagartoBasedHtmlParser
2023-07-03 12:09:22,214 INFO o.a.j.p.h.s.ResourcesDownloader: Creating ResourcesDownloader with keepalive_inseconds : 60
2023-07-03 12:09:22,404 INFO o.a.j.p.h.p.BaseParser: Created org.apache.jmeter.protocol.http.parser.CssParser
2023-07-03 12:09:22,525 WARN c.h.c.r.e.LoggingCSSParseErrorHandler: Browser compliant mode skipped CSS from [170:2] starting at token '

 ' until [173:1] to token '}' (based on com.helger.css.parser.ParseException: Encountered unexpected token: "{" "{"
    at line 172, column 2.

Was expecting one of:

    "*"
    "-->"
    "."
    ":"
    ":not("
    ";"
    "<!--"
    "@bottom-center"
    "@bottom-left"
    "@bottom-left-corner"
    "@bottom-right"
    "@bottom-right-corner"
    "@charset"
    "@footnote"
    "@import"
    "@left-bottom"
    "@left-middle"
    "@left-top"
    "@media"
    "@namespace"
    "@page"
    "@right-bottom"
    "@right-middle"
    "@right-top"
    "@supports"
    "@top-center"
    "@top-left"
    "@top-left-corner"
    "@top-right"
    "@top-right-corner"
    "["
    "|"
    "}"
    <AT_UNKNOWN>
    <EOF>
    <FONTFACE_SYM>
    <HASH>
    <IDENT>
    <KEYFRAMES_SYM>
    <PERCENTAGE>
    <S>
    <UNKNOWN>
    <VIEWPORT_SYM>
)
2023-07-03 12:10:01,456 INFO o.a.j.g.a.Start: Stopping test
2023-07-03 12:10:01,465 INFO o.a.j.t.JMeterThread: Stopping: Thread Group 1-1
2023-07-03 12:10:01,466 WARN o.a.j.t.JMeterThread: The delay timer was interrupted - probably did not wait as long as intended.
2023-07-03 12:10:01,466 INFO o.a.j.t.JMeterThread: Thread finished: Thread Group 1-1
2023-07-03 12:10:01,469 INFO o.a.j.e.StandardJMeterEngine: Notifying test listeners of end of test
2023-07-03 12:10:01,469 INFO o.a.j.g.u.JMeterMenuBar: setRunning(false, *local*)
2023-07-03 12:10:08,930 INFO o.a.j.e.StandardJMeterEngine: Running the test!
2023-07-03 12:10:08,931 INFO o.a.j.s.SampleEvent: List of sample_variables: []
2023-07-03 12:10:08,932 INFO o.a.j.g.u.JMeterMenuBar: setRunning(true, *local*)
2023-07-03 12:10:08,956 INFO o.a.j.e.StandardJMeterEngine: Starting ThreadGroup: 1 : Thread Group
2023-07-03 12:10:08,957 INFO o.a.j.e.StandardJMeterEngine: Starting 1 threads for group Thread Group.
2023-07-03 12:10:08,957 INFO o.a.j.e.StandardJMeterEngine: Thread will continue on error
2023-07-03 12:10:08,957 INFO o.a.j.t.ThreadGroup: Starting thread group... number=1 threads=1 ramp-up=1 delayedStart=false
2023-07-03 12:10:08,958 INFO o.a.j.t.ThreadGroup: Started thread group number 1
2023-07-03 12:10:08,958 INFO o.a.j.e.StandardJMeterEngine: All thread groups have been started
2023-07-03 12:10:08,958 INFO o.a.j.t.JMeterThread: Thread started: Thread Group 1-1
2023-07-03 12:10:28,325 INFO o.a.j.g.a.Start: Stopping test
2023-07-03 12:10:28,330 INFO o.a.j.t.JMeterThread: Stopping: Thread Group 1-1
2023-07-03 12:10:28,330 WARN o.a.j.t.JMeterThread: The delay timer was interrupted - probably did not wait as long as intended.
2023-07-03 12:10:28,331 INFO o.a.j.t.JMeterThread: Thread finished: Thread Group 1-1
2023-07-03 12:10:28,332 INFO o.a.j.e.StandardJMeterEngine: Notifying test listeners of end of test
2023-07-03 12:10:28,332 INFO o.a.j.g.u.JMeterMenuBar: setRunning(false, *local*)
2023-07-03 12:10:31,980 INFO o.a.j.e.StandardJMeterEngine: Running the test!
2023-07-03 12:10:31,980 INFO o.a.j.s.SampleEvent: List of sample_variables: []
2023-07-03 12:10:31,980 INFO o.a.j.g.u.JMeterMenuBar: setRunning(true, *local*)
2023-07-03 12:10:32,004 INFO o.a.j.e.StandardJMeterEngine: Starting ThreadGroup: 1 : Thread Group
2023-07-03 12:10:32,004 INFO o.a.j.e.StandardJMeterEngine: Starting 1 threads for group Thread Group.
2023-07-03 12:10:32,004 INFO o.a.j.e.StandardJMeterEngine: Thread will continue on error
2023-07-03 12:10:32,004 INFO o.a.j.t.ThreadGroup: Starting thread group... number=1 threads=1 ramp-up=1 delayedStart=false
2023-07-03 12:10:32,005 INFO o.a.j.t.ThreadGroup: Started thread group number 1
2023-07-03 12:10:32,005 INFO o.a.j.e.StandardJMeterEngine: All thread groups have been started
2023-07-03 12:10:32,005 INFO o.a.j.t.JMeterThread: Thread started: Thread Group 1-1
2023-07-03 12:11:33,445 INFO o.a.j.g.a.Start: Stopping test
2023-07-03 12:11:33,451 INFO o.a.j.t.JMeterThread: Stopping: Thread Group 1-1
2023-07-03 12:11:33,452 WARN o.a.j.t.JMeterThread: The delay timer was interrupted - probably did not wait as long as intended.
2023-07-03 12:11:33,452 INFO o.a.j.t.JMeterThread: Thread finished: Thread Group 1-1
2023-07-03 12:11:33,454 INFO o.a.j.e.StandardJMeterEngine: Notifying test listeners of end of test
2023-07-03 12:11:33,454 INFO o.a.j.g.u.JMeterMenuBar: setRunning(false, *local*)
2023-07-03 12:11:37,026 INFO o.a.j.e.StandardJMeterEngine: Running the test!
2023-07-03 12:11:37,027 INFO o.a.j.s.SampleEvent: List of sample_variables: []
2023-07-03 12:11:37,027 INFO o.a.j.g.u.JMeterMenuBar: setRunning(true, *local*)
2023-07-03 12:11:37,053 INFO o.a.j.e.StandardJMeterEngine: Starting ThreadGroup: 1 : Thread Group
2023-07-03 12:11:37,054 INFO o.a.j.e.StandardJMeterEngine: Starting 1 threads for group Thread Group.
2023-07-03 12:11:37,054 INFO o.a.j.e.StandardJMeterEngine: Thread will continue on error
2023-07-03 12:11:37,054 INFO o.a.j.t.ThreadGroup: Starting thread group... number=1 threads=1 ramp-up=1 delayedStart=false
2023-07-03 12:11:37,054 INFO o.a.j.t.ThreadGroup: Started thread group number 1
2023-07-03 12:11:37,054 INFO o.a.j.e.StandardJMeterEngine: All thread groups have been started
2023-07-03 12:11:37,055 INFO o.a.j.t.JMeterThread: Thread started: Thread Group 1-1
2023-07-03 12:15:03,256 INFO o.a.j.t.JMeterThread: Thread is done: Thread Group 1-1
2023-07-03 12:15:03,256 INFO o.a.j.t.JMeterThread: Thread finished: Thread Group 1-1
2023-07-03 12:15:03,258 INFO o.a.j.e.StandardJMeterEngine: Notifying test listeners of end of test
2023-07-03 12:15:03,259 INFO o.a.j.g.u.JMeterMenuBar: setRunning(false, *local*)
